riscv64-linux-gnu-gcc -Wall -Werror -Wno-unknown-attributes -O -fno-omit-frame-pointer -ggdb -gdwarf-2 -march=rv64gc -MD -mcmodel=medany -ffreestanding -fno-common -nostdlib -fno-builtin-strncpy -fno-builtin-strncmp -fno-builtin-strlen -fno-builtin-memset -fno-builtin-memmove -fno-builtin-memcmp -fno-builtin-log -fno-builtin-bzero -fno-builtin-strchr -fno-builtin-exit -fno-builtin-malloc -fno-builtin-putc -fno-builtin-free -fno-builtin-memcpy -Wno-main -fno-builtin-printf -fno-builtin-fprintf -fno-builtin-vprintf -I. -fno-stack-protector -fno-pie -no-pie   -c -o user/init.o user/init.c
riscv64-linux-gnu-ld -z max-page-size=4096 -T user/user.ld -o user/_init user/init.o user/ulib.o user/usys.o user/printf.o user/umalloc.o
riscv64-linux-gnu-objdump -S user/_init > user/init.asm
riscv64-linux-gnu-objdump -t user/_init | sed '1,/SYMBOL TABLE/d; s/ .* / /; /^$/d' > user/init.sym
mkfs/mkfs fs.img README user/_cat user/_echo user/_forktest user/_grep user/_init user/_kill user/_ln user/_ls user/_mkdir user/_rm user/_sh user/_stressfs user/_usertests user/_grind user/_wc user/_zombie user/_logstress user/_forphan user/_dorphan user/_cscat user/_csexport
nmeta 47 (boot, super, log blocks 31, inode blocks 13, bitmap blocks 1) blocks 1953 total 2000
balloc: first 1010 blocks have been allocated
balloc: write bitmap block at sector 46
qemu-system-riscv64 -machine virt -bios none -kernel kernel/kernel -m 128M -smp 3 -nographic -global virtio-mmio.force-legacy=false -drive file=fs.img,if=none,format=raw,id=x0 -device virtio-blk-device,drive=x0,bus=virtio-mmio-bus.0

xv6 kernel is booting

hart 2 starting
hart 1 starting
init: starting sh
$ csexport
EV {"seq":0,"tick":3,"cpu":1,"pid":1,"name":"init","state":4,"type":"ON_CPU"}
EV {"seq":0,"tick":3,"cpu":2,"pid":1,"name":"init","state":4,"type":"ON_CPU"}
EV {"seq":0,"tick":3,"cpu":0,"pid":1,"name":"init","state":4,"type":"ON_CPU"}
EV {"seq":0,"tick":3,"cpu":2,"pid":1,"name":"init","state":4,"type":"ON_CPU"}
EV {"seq":0,"tick":3,"cpu":0,"pid":1,"name":"init","state":4,"type":"ON_CPU"}
EV {"seq":0,"tick":3,"cpu":1,"pid":1,"name":"init","state":4,"type":"ON_CPU"}
EV {"seq":0,"tick":3,"cpu":2,"pid":1,"name":"init","state":4,"type":"ON_CPU"}
EV {"seq":0,"tick":4,"cpu":1,"pid":1,"name":"init","state":4,"type":"ON_CPU"}
EV {"seq":0,"tick":4,"cpu":1,"pid":1,"name":"init","state":4,"type":"ON_CPU"}
EV {"seq":0,"tick":4,"cpu":2,"pid":1,"name":"init","state":4,"type":"ON_CPU"}
EV {"seq":0,"tick":4,"cpu":0,"pid":1,"name":"init","state":4,"type":"ON_CPU"}
EV {"seq":0,"tick":4,"cpu":1,"pid":1,"name":"init","state":4,"type":"ON_CPU"}
EV {"seq":0,"tick":4,"cpu":0,"pid":2,"name":"init","state":4,"type":"ON_CPU"}
EV {"seq":0,"tick":4,"cpu":2,"pid":2,"name":"init","state":4,"type":"ON_CPU"}
EV {"seq":0,"tick":4,"cpu":0,"pid":2,"name":"init","state":4,"type":"ON_CPU"}
EV {"seq":0,"tick":4,"cpu":1,"pid":2,"name":"init","state":4,"type":"ON_CPU"}
EV {"seq":0,"tick":4,"cpu":2,"pid":2,"name":"init","state":4,"type":"ON_CPU"}
EV {"seq":0,"tick":5,"cpu":1,"pid":2,"name":"init","state":4,"type":"ON_CPU"}
EV {"seq":0,"tick":6,"cpu":2,"pid":2,"name":"init","state":4,"type":"ON_CPU"}
EV {"seq":0,"tick":6,"cpu":0,"pid":2,"name":"init","state":4,"type":"ON_CPU"}
EV {"seq":0,"tick":6,"cpu":2,"pid":2,"name":"init","state":4,"type":"ON_CPU"}
EV {"seq":0,"tick":6,"cpu":0,"pid":2,"name":"init","state":4,"type":"ON_CPU"}
EV {"seq":0,"tick":6,"cpu":1,"pid":2,"name":"init","state":4,"type":"ON_CPU"}
EV {"seq":0,"tick":6,"cpu":0,"pid":2,"name":"init","state":4,"type":"ON_CPU"}
EV {"seq":0,"tick":6,"cpu":2,"pid":2,"name":"sh","state":4,"type":"ON_CPU"}
EV {"seq":0,"tick":151,"cpu":2,"pid":2,"name":"sh","state":4,"type":"ON_CPU"}
EV {"seq":0,"tick":151,"cpu":2,"pid":3,"name":"sh","state":4,"type":"ON_CPU"}
EV {"seq":0,"tick":151,"cpu":0,"pid":3,"name":"sh","state":4,"type":"ON_CPU"}
EV {"seq":0,"tick":151,"cpu":1,"pid":3,"name":"sh","state":4,"type":"ON_CPU"}
EV {"seq":0,"tick":151,"cpu":1,"pid":3,"name":"sh","state":4,"type":"ON_CPU"}
EV {"seq":0,"tick":151,"cpu":0,"pid":3,"name":"sh","state":4,"type":"ON_CPU"}
EV {"seq":0,"tick":152,"cpu":2,"pid":3,"name":"sh","state":4,"type":"ON_CPU"}
